<?xml version="1.0" encoding="UTF-8"?>
<testng-results ignored="0" total="1" passed="1" failed="0" skipped="0">
  <reporter-output>
  </reporter-output>
  <suite started-at="2023-06-21T12:00:15 IST" name="Default suite" finished-at="2023-06-21T12:02:44 IST" duration-ms="148890">
    <groups>
    </groups>
    <test started-at="2023-06-21T12:00:15 IST" name="Default test" finished-at="2023-06-21T12:02:44 IST" duration-ms="148890">
      <class name="test.Expediasearchtest">
        <test-method is-config="true" signature="setup()[pri:0, instance:test.Expediasearchtest@437da279]" started-at="2023-06-21T12:00:15 IST" name="setup" finished-at="2023-06-21T12:00:57 IST" duration-ms="41898" status="PASS">
          <reporter-output>
          </reporter-output>
        </test-method> <!-- setup -->
        <test-method signature="flightsearch1()[pri:0, instance:test.Expediasearchtest@437da279]" started-at="2023-06-21T12:00:57 IST" name="flightsearch1" finished-at="2023-06-21T12:02:44 IST" duration-ms="106879" status="PASS">
          <reporter-output>
          </reporter-output>
        </test-method> <!-- flightsearch1 -->
      </class> <!-- test.Expediasearchtest -->
    </test> <!-- Default test -->
  </suite> <!-- Default suite -->
</testng-results>
